<?xml version="1.0" encoding="UTF-8"?>
<!-- Generated by org.testng.reporters.JUnitReportReporter -->
<testsuite hostname="MANISH-KUMAR12" name="Driver.Engine" tests="1" failures="0" timestamp="22 May 2019 13:29:59 GMT" time="147.027" errors="0">
  <testcase name="start" time="147.027" classname="Driver.Engine"/>
</testsuite> <!-- Driver.Engine -->
