<?xml version="1.0" encoding="UTF-8"?>
<!-- Generated by org.testng.reporters.JUnitReportReporter -->
<testsuite hostname="MANISH-KUMAR12" name="Driver.Engine" tests="1" failures="0" timestamp="21 May 2019 11:31:06 GMT" time="130.236" errors="0">
  <testcase name="start" time="130.236" classname="Driver.Engine"/>
</testsuite> <!-- Driver.Engine -->
